{
  "RSpec": {
    "coverage": {
      "/Volumes/Data/Users/dgalarza/Projects/damian_rails/app/models/user.rb": [
        1,
        null,
        null,
        1,
        null,
        null,
        null,
        1,
        null,
        1,
        null
      ],
      "/Volumes/Data/Users/dgalarza/Projects/damian_rails/app/controllers/application_controller.rb": [
        1,
        1,
        1,
        1,
        null,
        1,
        0,
        null,
        null,
        1,
        0,
        null,
        null,
        null
      ],
      "/Volumes/Data/Users/dgalarza/Projects/damian_rails/app/helpers/application_helper.rb": [
        1,
        null,
        null,
        null,
        null,
        null,
        null,
        1,
        0,
        null,
        null,
        null,
        null,
        null,
        null,
        null,
        null,
        null,
        1,
        1,
        null,
        null,
        1,
        0,
        null,
        null,
        1,
        0,
        null,
        null,
        1,
        3,
        null,
        null,
        null
      ],
      "/Volumes/Data/Users/dgalarza/Projects/damian_rails/app/helpers/about_helper.rb": [
        1,
        null
      ],
      "/Volumes/Data/Users/dgalarza/Projects/damian_rails/app/helpers/admin/admin_helper.rb": [
        1,
        null
      ],
      "/Volumes/Data/Users/dgalarza/Projects/damian_rails/app/helpers/admin/comments_helper.rb": [
        1,
        null
      ],
      "/Volumes/Data/Users/dgalarza/Projects/damian_rails/app/helpers/admin/dashboard_helper.rb": [
        1,
        null
      ],
      "/Volumes/Data/Users/dgalarza/Projects/damian_rails/app/helpers/admin/posts_helper.rb": [
        1,
        null
      ],
      "/Volumes/Data/Users/dgalarza/Projects/damian_rails/app/helpers/comments_helper.rb": [
        1,
        null,
        null,
        1,
        0,
        null,
        null,
        1,
        0,
        null,
        null,
        null,
        null,
        null,
        null,
        1,
        0,
        0,
        null,
        0,
        null,
        null,
        null,
        null
      ],
      "/Volumes/Data/Users/dgalarza/Projects/damian_rails/app/helpers/home_helper.rb": [
        1,
        1,
        1,
        null,
        null
      ],
      "/Volumes/Data/Users/dgalarza/Projects/damian_rails/app/helpers/posts_helper.rb": [
        1,
        null,
        1,
        null,
        null,
        null,
        null,
        null,
        null,
        null,
        1,
        0,
        null,
        null,
        null,
        null,
        null,
        null,
        null,
        null,
        null,
        null,
        null,
        null,
        null,
        1,
        0,
        0,
        0,
        null,
        0,
        null,
        null,
        1,
        0,
        null,
        null,
        null
      ],
      "/Volumes/Data/Users/dgalarza/Projects/damian_rails/lib/HTMLwithPygments.rb": [
        1,
        null,
        1,
        null,
        1,
        0,
        0,
        null,
        null,
        null
      ],
      "/Volumes/Data/Users/dgalarza/Projects/damian_rails/app/assets/back.config.rb": [
        null,
        null,
        null,
        1,
        1,
        1,
        1,
        1,
        null,
        null,
        null,
        1,
        null,
        null,
        null,
        null,
        null,
        1,
        null,
        null,
        null,
        null,
        null,
        null,
        null
      ],
      "/Volumes/Data/Users/dgalarza/Projects/damian_rails/app/controllers/about_controller.rb": [
        1,
        1,
        null,
        null
      ],
      "/Volumes/Data/Users/dgalarza/Projects/damian_rails/app/controllers/admin/admin_controller.rb": [
        1,
        1,
        1,
        null,
        1,
        null,
        1,
        3,
        null,
        null,
        null
      ],
      "/Volumes/Data/Users/dgalarza/Projects/damian_rails/app/controllers/admin/comments_controller.rb": [
        1,
        null,
        1,
        null,
        1,
        0,
        null,
        null,
        1,
        0,
        null,
        null,
        1,
        0,
        0,
        null,
        0,
        null,
        null,
        1,
        0,
        0,
        0,
        null,
        null,
        1,
        0,
        0,
        0,
        null,
        null,
        null
      ],
      "/Volumes/Data/Users/dgalarza/Projects/damian_rails/app/models/comment.rb": [
        1,
        1,
        null,
        1,
        1,
        null,
        1,
        null,
        1,
        1,
        null,
        1,
        1,
        null,
        1,
        1,
        null,
        1,
        null,
        null,
        1,
        1,
        1,
        null,
        null,
        1,
        null,
        1,
        2,
        2,
        2,
        null,
        null,
        1,
        4,
        4,
        null,
        null,
        1,
        0,
        0,
        0,
        null,
        null,
        1,
        0,
        0,
        0,
        null,
        null,
        null,
        1,
        5,
        5,
        null,
        5,
        5,
        null,
        null,
        1,
        0,
        null,
        null,
        1,
        5,
        4,
        null,
        null,
        null,
        null
      ],
      "/Volumes/Data/Users/dgalarza/Projects/damian_rails/lib/email_validator.rb": [
        1,
        1,
        2,
        7,
        null,
        null
      ],
      "/Volumes/Data/Users/dgalarza/Projects/damian_rails/app/controllers/admin/dashboard_controller.rb": [
        1,
        1,
        0,
        0,
        null,
        null
      ],
      "/Volumes/Data/Users/dgalarza/Projects/damian_rails/app/controllers/admin/posts_controller.rb": [
        1,
        1,
        0,
        null,
        null,
        1,
        0,
        null,
        null,
        1,
        0,
        null,
        null,
        1,
        0,
        0,
        null,
        0,
        null,
        null,
        1,
        3,
        3,
        null,
        3,
        null,
        3,
        2,
        null,
        1,
        null,
        null,
        null,
        1,
        4,
        null,
        null
      ],
      "/Volumes/Data/Users/dgalarza/Projects/damian_rails/app/models/post.rb": [
        1,
        null,
        1,
        1,
        1,
        1,
        null,
        1,
        null,
        1,
        null,
        1,
        0,
        null,
        null,
        1,
        0,
        null,
        null,
        1,
        null,
        1,
        1,
        1,
        null,
        1,
        null,
        1,
        27,
        26,
        null,
        null,
        null,
        1,
        22,
        16,
        null,
        null,
        null,
        1,
        22,
        22,
        null,
        22,
        null,
        null,
        null
      ],
      "/Volumes/Data/Users/dgalarza/Projects/damian_rails/app/controllers/comments_controller.rb": [
        1,
        null,
        1,
        null,
        1,
        0,
        0,
        null,
        0,
        null,
        null,
        1,
        2,
        2,
        2,
        null,
        2,
        0,
        0,
        null,
        2,
        2,
        null,
        null,
        2,
        null,
        null,
        null,
        null
      ],
      "/Volumes/Data/Users/dgalarza/Projects/damian_rails/app/controllers/home_controller.rb": [
        1,
        1,
        0,
        null,
        null
      ],
      "/Volumes/Data/Users/dgalarza/Projects/damian_rails/app/controllers/posts_controller.rb": [
        1,
        null,
        1,
        0,
        null,
        0,
        0,
        null,
        0,
        null,
        0,
        null,
        null,
        0,
        null,
        null,
        1,
        0,
        0,
        0,
        0,
        0,
        null,
        0,
        null,
        0,
        null,
        0,
        0,
        null,
        0,
        0,
        0,
        0,
        0,
        null,
        null,
        null,
        null,
        0,
        null,
        null,
        null,
        null
      ],
      "/Volumes/Data/Users/dgalarza/Projects/damian_rails/app/mailers/comment_mailer.rb": [
        1,
        1,
        null,
        1,
        6,
        6,
        null,
        null
      ],
      "/Volumes/Data/Users/dgalarza/Projects/damian_rails/app/models/ability.rb": [
        1,
        1,
        null,
        1,
        null,
        1,
        null,
        1,
        0,
        0,
        null,
        1,
        null,
        null,
        null,
        null,
        null,
        null,
        null,
        null,
        null,
        null,
        null,
        null,
        null,
        null,
        null,
        null,
        null,
        null,
        null,
        null,
        null,
        null,
        null,
        null,
        null,
        null
      ],
      "/Volumes/Data/Users/dgalarza/Projects/damian_rails/app/models/category.rb": [
        1,
        1,
        null
      ]
    },
    "timestamp": 1369520720
  }
}
